<?xml version="1.0" encoding="UTF-8"?>
<testng-results ignored="1" total="3" passed="1" failed="1" skipped="0">
  <reporter-output>
  </reporter-output>
  <suite started-at="2023-03-06T21:08:07 IST" name="Default suite" finished-at="2023-03-06T21:08:07 IST" duration-ms="57">
    <groups>
    </groups>
    <test started-at="2023-03-06T21:08:07 IST" name="Default test" finished-at="2023-03-06T21:08:07 IST" duration-ms="57">
      <class name="TestClasses.testClassTNG">
        <test-method is-config="true" signature="beforeClass()[pri:0, instance:TestClasses.testClassTNG@659a969b]" started-at="2023-03-06T21:08:07 IST" name="beforeClass" finished-at="2023-03-06T21:08:07 IST" duration-ms="7" status="PASS">
          <reporter-output>
          </reporter-output>
        </test-method> <!-- beforeClass -->
        <test-method is-config="true" signature="beforeMethod()[pri:0, instance:TestClasses.testClassTNG@659a969b]" started-at="2023-03-06T21:08:07 IST" name="beforeMethod" finished-at="2023-03-06T21:08:07 IST" duration-ms="0" status="PASS">
          <reporter-output>
          </reporter-output>
        </test-method> <!-- beforeMethod -->
        <test-method signature="verifyLogin()[pri:0, instance:TestClasses.testClassTNG@659a969b]" started-at="2023-03-06T21:08:07 IST" name="verifyLogin" finished-at="2023-03-06T21:08:07 IST" duration-ms="10" status="FAIL">
          <exception class="java.lang.AssertionError">
            <message>
              <![CDATA[null]]>
            </message>
            <full-stacktrace>
              <![CDATA[java.lang.AssertionError: null
at org.testng.Assert.fail(Assert.java:99)
at org.testng.Assert.fail(Assert.java:106)
at TestClasses.testClassTNG.verifyLogin(testClassTNG.java:27)
at java.base/jdk.internal.reflect.DirectMethodHandleAccessor.invoke(DirectMethodHandleAccessor.java:104)
at java.base/java.lang.reflect.Method.invoke(Method.java:578)
at org.testng.internal.MethodInvocationHelper.invokeMethod(MethodInvocationHelper.java:133)
at org.testng.internal.InvokeMethodRunnable.runOne(InvokeMethodRunnable.java:45)
at org.testng.internal.InvokeMethodRunnable.call(InvokeMethodRunnable.java:73)
at org.testng.internal.InvokeMethodRunnable.call(InvokeMethodRunnable.java:11)
at java.base/java.util.concurrent.FutureTask.run(FutureTask.java:317)
at java.base/java.util.concurrent.ThreadPoolExecutor.runWorker(ThreadPoolExecutor.java:1144)
at java.base/java.util.concurrent.ThreadPoolExecutor$Worker.run(ThreadPoolExecutor.java:642)
at java.base/java.lang.Thread.run(Thread.java:1589)
]]>
            </full-stacktrace>
          </exception> <!-- java.lang.AssertionError -->
          <reporter-output>
          </reporter-output>
        </test-method> <!-- verifyLogin -->
        <test-method is-config="true" signature="afterMethod()[pri:0, instance:TestClasses.testClassTNG@659a969b]" started-at="2023-03-06T21:08:07 IST" name="afterMethod" finished-at="2023-03-06T21:08:07 IST" duration-ms="2" status="PASS">
          <reporter-output>
          </reporter-output>
        </test-method> <!-- afterMethod -->
        <test-method is-config="true" signature="beforeMethod()[pri:0, instance:TestClasses.testClassTNG@659a969b]" started-at="2023-03-06T21:08:07 IST" name="beforeMethod" finished-at="2023-03-06T21:08:07 IST" duration-ms="0" status="PASS">
          <reporter-output>
          </reporter-output>
        </test-method> <!-- beforeMethod -->
        <test-method signature="verifyHome()[pri:1, instance:TestClasses.testClassTNG@659a969b]" started-at="2023-03-06T21:08:07 IST" name="verifyHome" finished-at="2023-03-06T21:08:07 IST" duration-ms="2" status="PASS">
          <reporter-output>
          </reporter-output>
        </test-method> <!-- verifyHome -->
        <test-method is-config="true" signature="afterClass()[pri:0, instance:TestClasses.testClassTNG@659a969b]" started-at="2023-03-06T21:08:07 IST" name="afterClass" finished-at="2023-03-06T21:08:07 IST" duration-ms="1" status="PASS">
          <reporter-output>
          </reporter-output>
        </test-method> <!-- afterClass -->
        <test-method is-config="true" signature="afterMethod()[pri:0, instance:TestClasses.testClassTNG@659a969b]" started-at="2023-03-06T21:08:07 IST" name="afterMethod" finished-at="2023-03-06T21:08:07 IST" duration-ms="0" status="PASS">
          <reporter-output>
          </reporter-output>
        </test-method> <!-- afterMethod -->
      </class> <!-- TestClasses.testClassTNG -->
    </test> <!-- Default test -->
  </suite> <!-- Default suite -->
</testng-results>
